[2024-11-13T10:45:05.311] [DEBUG] debug-file - env: daemon=true
[2024-11-13T10:45:05.300] [DEBUG] debug-file - env: nodejsVersion=v18.20.1
[2024-11-13T10:45:05.300] [DEBUG] debug-file - env: hvigor-config.json5 content = {
  modelVersion: '5.0.0',
  dependencies: {},
  execution: {},
  logging: {},
  debugging: {},
  nodeOptions: {}
}
[2024-11-13T10:45:18.700] [DEBUG] debug-file - Hvigor init with startParameters:{
  hvigorfileTypeCheck: false,
  parallelExecution: true,
  incrementalExecution: true,
  printStackTrace: false,
  daemon: true,
  analyze: 0,
  logLevel: Level { level: 20000, levelStr: 'INFO', colour: 'green' }
}
[2024-11-13T10:45:18.701] [DEBUG] debug-file - Cache service initialization finished in 2 ms 
[2024-11-13T10:45:18.705] [DEBUG] debug-file - hvigorfile, resolving /Users/heyu/DevEcoStudioProjects/iot-link-ohos/hvigorfile.ts
[2024-11-13T10:45:18.708] [DEBUG] debug-file - hvigorfile, require result:  { default: { plugins: [] } }
[2024-11-13T10:45:18.708] [DEBUG] debug-file - hvigorfile, binding system plugins null
[2024-11-13T10:45:18.711] [DEBUG] debug-file - Start initialize project's product build option map with build mode debug.
[2024-11-13T10:45:18.711] [DEBUG] debug-file - Picking option from product 'default' with build mode 'debug'.
[2024-11-13T10:45:18.711] [DEBUG] debug-file - Product 'default' build option: {}
[2024-11-13T10:45:18.711] [DEBUG] debug-file - End initialize project's product build option map with build mode 'debug'.
[2024-11-13T10:45:18.711] [DEBUG] debug-file - Product 'default' using build option: {
  "debuggable": true
} in this build.
[2024-11-13T10:45:18.717] [DEBUG] debug-file - Sdk init in 3 ms 
[2024-11-13T10:45:18.723] [DEBUG] debug-file - Project task initialization takes 6 ms 
[2024-11-13T10:45:18.723] [DEBUG] debug-file - hvigorfile, binding custom plugins []
[2024-11-13T10:45:18.723] [DEBUG] debug-file - hvigorfile, no custom plugins were found in /Users/heyu/DevEcoStudioProjects/iot-link-ohos/hvigorfile.ts
[2024-11-13T10:45:18.723] [DEBUG] debug-file - hvigorfile, resolve finished /Users/heyu/DevEcoStudioProjects/iot-link-ohos/hvigorfile.ts
[2024-11-13T10:45:18.725] [DEBUG] debug-file - hvigorfile, resolving /Users/heyu/DevEcoStudioProjects/iot-link-ohos/entry/hvigorfile.ts
[2024-11-13T10:45:18.727] [DEBUG] debug-file - hvigorfile, require result:  { default: { plugins: [] } }
[2024-11-13T10:45:18.728] [DEBUG] debug-file - hvigorfile, binding system plugins null
[2024-11-13T10:45:18.730] [DEBUG] debug-file - Start initialize module-target build option map, moduleName=entry, buildMode=debug
[2024-11-13T10:45:18.730] [DEBUG] debug-file - Target 'default' config: {}
[2024-11-13T10:45:18.730] [DEBUG] debug-file - Target 'ohosTest' config: {}
[2024-11-13T10:45:18.730] [DEBUG] debug-file - Module 'entry' target 'default' build option: {
  "debuggable": true,
  "copyFrom": "default",
  "name": "debug"
}
[2024-11-13T10:45:18.730] [DEBUG] debug-file - Module 'entry' target 'ohosTest' build option: {
  "debuggable": true,
  "name": "default"
}
[2024-11-13T10:45:18.730] [DEBUG] debug-file - End initialize module-target build option map, moduleName=entry
[2024-11-13T10:45:18.730] [DEBUG] debug-file - Module 'entry' target 'default' using build option: {
  "debuggable": true,
  "copyFrom": "default",
  "name": "debug"
} in this build.
[2024-11-13T10:45:18.731] [DEBUG] debug-file - Module entry task initialization takes 1 ms 
[2024-11-13T10:45:18.731] [DEBUG] debug-file - hvigorfile, binding custom plugins []
[2024-11-13T10:45:18.731] [DEBUG] debug-file - hvigorfile, no custom plugins were found in /Users/heyu/DevEcoStudioProjects/iot-link-ohos/entry/hvigorfile.ts
[2024-11-13T10:45:18.731] [DEBUG] debug-file - hvigorfile, resolve finished /Users/heyu/DevEcoStudioProjects/iot-link-ohos/entry/hvigorfile.ts
[2024-11-13T10:45:18.732] [DEBUG] debug-file - hvigorfile, resolving /Users/heyu/DevEcoStudioProjects/iot-link-ohos/sdkdemo/hvigorfile.ts
[2024-11-13T10:45:18.735] [DEBUG] debug-file - hvigorfile, require result:  { default: { plugins: [] } }
[2024-11-13T10:45:18.735] [DEBUG] debug-file - hvigorfile, binding system plugins null
[2024-11-13T10:45:18.736] [DEBUG] debug-file - Start initialize module-target build option map, moduleName=sdkdemo, buildMode=debug
[2024-11-13T10:45:18.736] [DEBUG] debug-file - Target 'default' config: {}
[2024-11-13T10:45:18.736] [DEBUG] debug-file - Target 'ohosTest' config: {}
[2024-11-13T10:45:18.736] [DEBUG] debug-file - Module 'sdkdemo' target 'default' build option: {
  "debuggable": true,
  "copyFrom": "default",
  "name": "debug"
}
[2024-11-13T10:45:18.736] [DEBUG] debug-file - Module 'sdkdemo' target 'ohosTest' build option: {
  "debuggable": true,
  "name": "default"
}
[2024-11-13T10:45:18.736] [DEBUG] debug-file - End initialize module-target build option map, moduleName=sdkdemo
[2024-11-13T10:45:18.736] [DEBUG] debug-file - Module 'sdkdemo' target 'default' using build option: {
  "debuggable": true,
  "copyFrom": "default",
  "name": "debug"
} in this build.
[2024-11-13T10:45:18.737] [DEBUG] debug-file - Module sdkdemo task initialization takes 1 ms 
[2024-11-13T10:45:18.737] [DEBUG] debug-file - hvigorfile, binding custom plugins []
[2024-11-13T10:45:18.737] [DEBUG] debug-file - hvigorfile, no custom plugins were found in /Users/heyu/DevEcoStudioProjects/iot-link-ohos/sdkdemo/hvigorfile.ts
[2024-11-13T10:45:18.737] [DEBUG] debug-file - hvigorfile, resolve finished /Users/heyu/DevEcoStudioProjects/iot-link-ohos/sdkdemo/hvigorfile.ts
[2024-11-13T10:45:18.763] [DEBUG] debug-file - hvigorfile, resolve hvigorfile dependencies in 26 ms 
[2024-11-13T10:45:18.764] [DEBUG] debug-file - project has submodules:entry,sdkdemo
[2024-11-13T10:45:18.764] [DEBUG] debug-file - start to load updatedOhPackageInfo to the disk
[2024-11-13T10:45:18.765] [DEBUG] debug-file - load to the disk finished
[2024-11-13T10:45:18.765] [DEBUG] debug-file - Module iot-link-ohos Collected Dependency: 
[2024-11-13T10:45:18.765] [DEBUG] debug-file - Module iot-link-ohos's total dependency: 0
[2024-11-13T10:45:18.765] [DEBUG] debug-file - Module entry Collected Dependency: 
[2024-11-13T10:45:18.765] [DEBUG] debug-file - Module entry's total dependency: 0
[2024-11-13T10:45:18.766] [DEBUG] debug-file - Module sdkdemo Collected Dependency: 
[2024-11-13T10:45:18.766] [DEBUG] debug-file - Module sdkdemo's total dependency: 0
[2024-11-13T10:45:18.766] [DEBUG] debug-file - Configuration phase cost:64 ms 
[2024-11-13T10:45:18.767] [DEBUG] debug-file - Configuration task cost before running: 71 ms 
[2024-11-13T10:45:18.767] [DEBUG] debug-file - Executing task :entry:init
[2024-11-13T10:45:18.767] [DEBUG] debug-file - entry : init cost memory 0.0167388916015625
[2024-11-13T10:45:18.767] [DEBUG] debug-file - runTaskFromQueue task cost before running: 71 ms 
[2024-11-13T10:45:18.767] [INFO] debug-file - Finished :entry:init... after 1 ms 
[2024-11-13T10:45:18.767] [DEBUG] debug-file - Executing task :sdkdemo:init
[2024-11-13T10:45:18.767] [DEBUG] debug-file - sdkdemo : init cost memory 0.0116729736328125
[2024-11-13T10:45:18.767] [DEBUG] debug-file - runTaskFromQueue task cost before running: 71 ms 
[2024-11-13T10:45:18.767] [INFO] debug-file - Finished :sdkdemo:init... after 1 ms 
[2024-11-13T10:45:18.767] [DEBUG] debug-file - Executing task ::init
[2024-11-13T10:45:18.767] [DEBUG] debug-file - iot-link-ohos : init cost memory 0.011688232421875
[2024-11-13T10:45:18.767] [DEBUG] debug-file - runTaskFromQueue task cost before running: 72 ms 
[2024-11-13T10:45:18.767] [INFO] debug-file - Finished ::init... after 1 ms 
[2024-11-13T10:45:18.769] [DEBUG] debug-file - Module 'entry' target 'default' using build option: {
  "debuggable": true,
  "copyFrom": "default",
  "name": "debug"
} in this build.
[2024-11-13T10:45:18.770] [DEBUG] debug-file - Module 'entry' target 'ohosTest' using build option: {
  "debuggable": true,
  "name": "default"
} in this build.
[2024-11-13T10:45:18.771] [DEBUG] debug-file - Module 'sdkdemo' target 'default' using build option: {
  "debuggable": true,
  "copyFrom": "default",
  "name": "debug"
} in this build.
[2024-11-13T10:45:18.772] [DEBUG] debug-file - Module 'sdkdemo' target 'ohosTest' using build option: {
  "debuggable": true,
  "name": "default"
} in this build.
